seqid_t,std_seqid_t,seqid_t_t_half,std_seqid_t_t_half,t_half
0.6816285848617554,0.00333605264313519,0.7639650702476501,0.002238243818283081,1
0.6779302358627319,0.003316397313028574,0.7572541832923889,0.0021890902426093817,2
0.6754225492477417,0.0033016749657690525,0.7523979544639587,0.002169212559238076,3
0.674813449382782,0.0033123986795544624,0.7516736388206482,0.0021869554184377193,4
0.6783910989761353,0.0033381269313395023,0.7511304020881653,0.0022092717699706554,5
0.674676239490509,0.003328234888613224,0.7502414584159851,0.0021783371921628714,6
0.6785392761230469,0.0033041448332369328,0.7493634819984436,0.0022237016819417477,7
0.6778314113616943,0.003367228666320443,0.7485733032226562,0.0022645459976047277,8
0.6800262928009033,0.0033235307782888412,0.7496926784515381,0.002238725544884801,9
0.6770192980766296,0.0033333280589431524,0.7483922243118286,0.0022323597222566605,10
0.6814749836921692,0.003314645029604435,0.7471795678138733,0.002290301723405719,11
0.6784844398498535,0.0033361841924488544,0.746252179145813,0.002266552532091737,12
0.6768711805343628,0.003359288675710559,0.7464003562927246,0.0023001176305115223,13
0.6831266283988953,0.00328202941454947,0.7447212338447571,0.002330630784854293,14
0.6793623566627502,0.003318240400403738,0.7453577518463135,0.0023283232003450394,15
0.679801344871521,0.003272717585787177,0.746455192565918,0.00236519705504179,16
0.679801344871521,0.0033035154920071363,0.7436457276344299,0.002395267365500331,17
0.6821115016937256,0.003301515942439437,0.7436895966529846,0.0023906275164335966,18
0.6801031827926636,0.0032542848493903875,0.7404686212539673,0.0024355482310056686,19
0.6833351254463196,0.0032775523141026497,0.7409788966178894,0.0024367235600948334,20
0.6819742918014526,0.00323310075327754,0.7384493350982666,0.002433124464005232,21
0.6851733922958374,0.003232313087210059,0.7382242679595947,0.00248057977296412,22
0.6838784217834473,0.003279399825260043,0.7382791638374329,0.0024647600948810577,23
0.6855300664901733,0.0033146743662655354,0.7387401461601257,0.002502522198483348,24
0.685541033744812,0.0032634090166538954,0.739491879940033,0.002496836706995964,25
0.6834394335746765,0.0032586907036602497,0.7368580102920532,0.0025154384784400463,26
0.6842460632324219,0.0032586753368377686,0.7368744611740112,0.002496198285371065,27
0.6874889731407166,0.0033136731944978237,0.737598717212677,0.0025612227618694305,28
0.6859635710716248,0.0032702472526580095,0.735557496547699,0.002537918509915471,29
0.6815353631973267,0.0032999198883771896,0.7358592748641968,0.0025510871782898903,30
0.6824297308921814,0.003311297157779336,0.7373353838920593,0.0025657194200903177,31
0.685914158821106,0.003256347728893161,0.7362982630729675,0.002557179657742381,32
0.6852557063102722,0.003247150219976902,0.7352721691131592,0.00253052799962461,33
0.6845259070396423,0.0033154250122606754,0.7342515587806702,0.0025994442403316498,34
0.6817219257354736,0.0033207230735570192,0.7345149517059326,0.0025933098513633013,35
0.6835876107215881,0.003271716646850109,0.733346164226532,0.0025861035101115704,36
0.6811457276344299,0.0032596085220575333,0.7323309779167175,0.002596588572487235,37
0.6802403330802917,0.0033123851753771305,0.7293514013290405,0.0026232856325805187,38
0.685897707939148,0.003214391181245446,0.731793224811554,0.0026146883610635996,39
0.6810743808746338,0.0033361269161105156,0.7313652634620667,0.002673169132322073,40
0.6820785403251648,0.003305092453956604,0.7306848168373108,0.0026243424508720636,41
0.6810688972473145,0.0032966281287372112,0.7298781871795654,0.0026020624209195375,42
0.6777161955833435,0.003263964084908366,0.7289124131202698,0.002646402455866337,43
0.6820620894432068,0.003241046331822872,0.7273924350738525,0.0026354221627116203,44
0.6824736595153809,0.0032422924414277077,0.7267668843269348,0.0026775728911161423,45
0.679598331451416,0.00330578931607306,0.7268053293228149,0.002695318078622222,46
0.6788191795349121,0.0033189840614795685,0.7272772192955017,0.0027169978711754084,47
0.6799495220184326,0.0033429034519940615,0.7286655306816101,0.002748561557382345,48
0.6773760318756104,0.0033466957975178957,0.7269644737243652,0.002757803536951542,49
0.6842021346092224,0.003311305306851864,0.7283965945243835,0.0027265034150332212,50
0.6824132800102234,0.003287026658654213,0.7268931269645691,0.0027473599184304476,51
0.6761632561683655,0.0032767474185675383,0.7245994806289673,0.0027272915467619896,52
0.6812664866447449,0.003312051994726062,0.7239738702774048,0.002748963888734579,53
0.6804433465003967,0.0032526287250220776,0.7226898670196533,0.0027153431437909603,54
0.6813651919364929,0.003272448666393757,0.7211808562278748,0.002799027366563678,55
0.6796751022338867,0.003304827958345413,0.7232385873794556,0.0028167166747152805,56
0.6834558844566345,0.003320117248222232,0.7237159609794617,0.002801967319101095,57
0.6813926696777344,0.0033020381815731525,0.7221850156784058,0.0028356979601085186,58
0.680350124835968,0.0032453553285449743,0.7217350602149963,0.0027790626045316458,59
0.6818646192550659,0.00327870761975646,0.7192548513412476,0.0028432286344468594,60
0.6799440383911133,0.003263303777202964,0.7199791669845581,0.0028240815736353397,61
0.6852611899375916,0.0032693613320589066,0.7209997773170471,0.0028181050438433886,62
0.6814365386962891,0.003303258214145899,0.7195127606391907,0.00284937908872962,63
0.6842899322509766,0.003295790869742632,0.7185963988304138,0.002856294857338071,64
0.6859471201896667,0.0032764349598437548,0.7180860638618469,0.0028542212676256895,65
0.6825888752937317,0.0032929934095591307,0.7163190841674805,0.002884433139115572,66
0.6829400658607483,0.0033030607737600803,0.7175263166427612,0.002898263046517968,67
0.6871433258056641,0.0032981354743242264,0.7185963988304138,0.002885044552385807,68
0.6865068078041077,0.0032468487042933702,0.7191121578216553,0.002857587765902281,69
0.6862543821334839,0.0032471774611622095,0.7189914584159851,0.002846327843144536,70
0.6845094561576843,0.003270725253969431,0.7174056172370911,0.002873794175684452,71
0.6847015023231506,0.003283392172306776,0.7164508700370789,0.0028999100904911757,72
0.6861830353736877,0.0032744843047112226,0.7161929607391357,0.0028965238016098738,73
0.6870281100273132,0.0032625007443130016,0.7136852741241455,0.0029468161519616842,74
0.6845313906669617,0.0032610739581286907,0.7121104001998901,0.0029323971830308437,75
0.6824462413787842,0.003301178803667426,0.7143821716308594,0.0028982707299292088,76
0.68393874168396,0.0032844245433807373,0.7147278189659119,0.002907177899032831,77
0.687329888343811,0.003297098446637392,0.7142668962478638,0.00296217342838645,78
0.6896784901618958,0.0032608078327029943,0.7152984738349915,0.002932850504294038,79
0.6885151267051697,0.0032964807469397783,0.7162094116210938,0.0029505889397114515,80
0.6841856837272644,0.0032524093985557556,0.7138773202896118,0.00292752287350595,81
0.6867372989654541,0.0032327151857316494,0.7132627367973328,0.002925172448158264,82
0.6866549253463745,0.0032860441133379936,0.7112818360328674,0.002978562843054533,83
0.6875384449958801,0.0032579279504716396,0.7123957276344299,0.0029390205163508654,84
0.6851568818092346,0.003249870613217354,0.7110294103622437,0.0029511097818613052,85
0.684553325176239,0.0032775707077234983,0.7108922004699707,0.0029484685510396957,86
0.6862105131149292,0.003253033384680748,0.7086314558982849,0.0029930032324045897,87
0.6884986758232117,0.0032596050295978785,0.7104257941246033,0.0029470142908394337,88
0.6869457960128784,0.0032583242282271385,0.7102392315864563,0.0029677932616323233,89
0.6874889731407166,0.0032830715645104647,0.7092515826225281,0.0029776678420603275,90
0.6871543526649475,0.003300681710243225,0.7093283534049988,0.0030240677297115326,91
0.6872311234474182,0.0032924532424658537,0.7093063592910767,0.003001523669809103,92
0.6855849623680115,0.0032988213934004307,0.7081705331802368,0.003004783531650901,93
0.6871159076690674,0.0032666935585439205,0.7075175642967224,0.0030010032933205366,94
0.6856233477592468,0.0032779364846646786,0.7071115374565125,0.003014821093529463,95
0.6900022029876709,0.003245795611292124,0.708905816078186,0.0030534956604242325,96
0.6895851492881775,0.0032490831799805164,0.7062170505523682,0.0030349656008183956,97
0.6924769878387451,0.003245909931138158,0.7064749598503113,0.0030661006458103657,98
0.6946883201599121,0.003229742171242833,0.7087357044219971,0.0030620922334492207,99
0.691434383392334,0.0032507930882275105,0.7083241939544678,0.003051626728847623,100
0.6910831928253174,0.003260083496570587,0.7075833678245544,0.002994262147694826,101
0.6882188320159912,0.003214537398889661,0.7067548036575317,0.0029816501773893833,102
0.6934207081794739,0.0032522277906537056,0.7074736952781677,0.003029068699106574,103
0.6923671960830688,0.0032202599104493856,0.7062939405441284,0.0030265827663242817,104
0.6873353719711304,0.0032637808471918106,0.7058878540992737,0.0030464299488812685,105
0.6900515556335449,0.0032251225784420967,0.7069578170776367,0.0030288598500192165,106
0.6899582743644714,0.003280739998444915,0.7067219018936157,0.003046983852982521,107
0.6903972625732422,0.0032599030528217554,0.7035886645317078,0.0030684059020131826,108
0.6872475743293762,0.0032589298207312822,0.7041319012641907,0.003047185717150569,109
0.6877853274345398,0.003265188541263342,0.7053775191307068,0.003037144662812352,110
0.6860458254814148,0.003293029498308897,0.7035228610038757,0.00308591453358531,111
0.6922245025634766,0.003248589113354683,0.7066176533699036,0.0030640289187431335,112
0.6875384449958801,0.003299854462966323,0.7052348256111145,0.0030481000430881977,113
0.6915989518165588,0.003238316159695387,0.7067438960075378,0.0030469202902168036,114
0.6886633038520813,0.003272359725087881,0.7062115669250488,0.00306309899315238,115
0.6864354610443115,0.0033210471738129854,0.706250011920929,0.003085430944338441,116
0.6947431564331055,0.003273148788139224,0.7047410011291504,0.003073833417147398,117
0.6866330504417419,0.003249801928177476,0.7042142152786255,0.00302854273468256,118
0.6888553500175476,0.003210830967873335,0.7044556736946106,0.0030429763719439507,119
0.6924330592155457,0.003244054736569524,0.7036654949188232,0.0030666186939924955,120
0.6873793005943298,0.0033126568887382746,0.7044227123260498,0.003059148555621505,121
0.6895906925201416,0.003265112405642867,0.7048672437667847,0.003046463942155242,122
0.6906716227531433,0.00323540554381907,0.7050318121910095,0.003066352102905512,123
0.6879664063453674,0.003275132505223155,0.7051964402198792,0.0030356356874108315,124
0.6910338401794434,0.003236206481233239,0.7068590521812439,0.0030704764649271965,125
0.6917142271995544,0.003224915824830532,0.7071993350982666,0.0030502108857035637,126
0.6908472180366516,0.003221204737201333,0.7033088207244873,0.003086026757955551,127
0.6942164301872253,0.0032253223471343517,0.7058658599853516,0.003089737147092819,128
0.6930420994758606,0.0032253433018922806,0.7050263285636902,0.0030617977026849985,129
0.6900296211242676,0.0032330970279872417,0.7067767977714539,0.0030315080657601357,130
0.6910173892974854,0.0032245360780507326,0.7043788433074951,0.0030754264444112778,131
0.6944962739944458,0.003248928114771843,0.7056683897972107,0.0030662736389786005,132
0.6943809986114502,0.003235378535464406,0.7049055695533752,0.003071052022278309,133
0.691604495048523,0.003214117605239153,0.706046998500824,0.0030791866593062878,134
0.6921202540397644,0.0031788053456693888,0.7037093639373779,0.0030802981927990913,135
0.6874780654907227,0.0032739771995693445,0.704719066619873,0.00307490024715662,136
0.6929049491882324,0.0032116444781422615,0.7016736268997192,0.0030965011101216078,137
0.6901723146438599,0.0032299919985234737,0.7039234042167664,0.003063712501898408,138
0.6901613473892212,0.0032944909762591124,0.7035886645317078,0.0031153527088463306,139
0.6905509233474731,0.003269633511081338,0.7037478089332581,0.0030824728310108185,140
0.6898485422134399,0.003329375060275197,0.7026009559631348,0.0031030524987727404,141
0.6893602013587952,0.003290229942649603,0.7034624218940735,0.0030812937766313553,142
0.6898046135902405,0.003252545138821006,0.7017449736595154,0.0031014028936624527,143
0.6908362507820129,0.0032494759652763605,0.7018382549285889,0.0031087477691471577,144
0.6895851492881775,0.0032227777410298586,0.7027161717414856,0.003106834599748254,145
0.6885261535644531,0.003256497671827674,0.7011962532997131,0.003102110465988517,146
0.6873628497123718,0.003299625124782324,0.7008340358734131,0.0031089377589523792,147
0.6913630366325378,0.003243759274482727,0.7009822130203247,0.0031395149417221546,148
0.6888224482536316,0.003212893148884177,0.7011962532997131,0.003109354991465807,149
0.6889376640319824,0.003261761972680688,0.699215292930603,0.003142506582662463,150
0.6860678195953369,0.0032696968410164118,0.6996378302574158,0.003116549691185355,151
0.6855959296226501,0.003282823134213686,0.6980684399604797,0.0031248063314706087,152
0.6912477612495422,0.003279683878645301,0.6996927261352539,0.003135418752208352,153
0.686901867389679,0.0033258406911045313,0.6982989311218262,0.0031827352941036224,154
0.6858428716659546,0.0032905403058975935,0.6987324357032776,0.003165275789797306,155
0.6872256398200989,0.003344693686813116,0.6989848613739014,0.0031796139664947987,156
0.6887511014938354,0.0032520066015422344,0.6993141174316406,0.0031627679709345102,157
0.692389190196991,0.0032034304458647966,0.7002359628677368,0.0031357898842543364,158
0.6924934387207031,0.003246163483709097,0.7008230686187744,0.0031552137807011604,159
0.6904960870742798,0.0032677045091986656,0.6981726884841919,0.0031580571085214615,160
0.6878017783164978,0.0032815607264637947,0.6994403004646301,0.0031781380530446768,161
0.6864628791809082,0.003257851116359234,0.6960381865501404,0.0031513844151049852,162
0.6842789649963379,0.0032477956265211105,0.696575939655304,0.003143412759527564,163
0.6876426935195923,0.0033049548510462046,0.6963344812393188,0.0031854109838604927,164
0.6846301555633545,0.0033118983265012503,0.6943865418434143,0.0031714672222733498,165
0.6846575736999512,0.0032599426340311766,0.6958296895027161,0.0031569120474159718,166
0.6897937059402466,0.003243163460865617,0.6986885666847229,0.003171783173456788,167
0.6889102458953857,0.003264330793172121,0.6979861855506897,0.0031304501462727785,168
0.6925208568572998,0.003220746060833335,0.6979148387908936,0.0031432253308594227,169
0.6897113919258118,0.0032889137510210276,0.6993470191955566,0.0031222798861563206,170
0.6907923817634583,0.0032582907006144524,0.6998189091682434,0.0031612711027264595,171
0.6917636394500732,0.00327603449113667,0.700592577457428,0.003118569729849696,172
0.6900515556335449,0.0032876147888600826,0.6992043256759644,0.00317943817935884,173
0.6901229023933411,0.003242656122893095,0.6968008875846863,0.003152576508000493,174
0.6895741820335388,0.003239756217226386,0.6999945044517517,0.0031096586026251316,175
0.6876426935195923,0.0032521365210413933,0.6990945935249329,0.003159040817990899,176
0.6906606554985046,0.0032506524585187435,0.698979377746582,0.0031456449069082737,177
0.6891351938247681,0.003289734246209264,0.6970698237419128,0.0031662522815167904,178
0.694293200969696,0.00321974023245275,0.6989354491233826,0.0031379812862724066,179
0.6905179619789124,0.0032385187223553658,0.6988092660903931,0.003130662953481078,180
0.6929269433021545,0.0032089732121676207,0.6993250846862793,0.003144758054986596,181
0.6897771954536438,0.003248760476708412,0.6981891989707947,0.003190879477187991,182
0.6921970844268799,0.0032101457472890615,0.7012016773223877,0.003184923203662038,183
0.6914618015289307,0.003201682586222887,0.700153648853302,0.0031472977716475725,184
0.6949571967124939,0.0031791941728442907,0.70134437084198,0.003113826736807823,185
0.697223424911499,0.003198868129402399,0.7009438276290894,0.003136119106784463,186
0.6978599429130554,0.0031803655438125134,0.6995939612388611,0.003116781823337078,187
0.6921367049217224,0.003254554932937026,0.6980301141738892,0.003155653364956379,188
0.692608654499054,0.0031736455857753754,0.698024570941925,0.0031250391621142626,189
0.6955278515815735,0.00318578677251935,0.6997091770172119,0.003148608608171344,190
0.6970149278640747,0.003211244475096464,0.7010260820388794,0.00312616303563118,191
0.6955333352088928,0.0032204664312303066,0.7015528678894043,0.003132989862933755,192
0.694276750087738,0.0031915330328047276,0.7012181282043457,0.0031137606129050255,193
0.6961808800697327,0.0031818835996091366,0.7011523246765137,0.003144139889627695,194
0.7006474733352661,0.003172477940097451,0.7020577192306519,0.003116352017968893,195
0.6960052847862244,0.0032262131571769714,0.7016022801399231,0.0031531956046819687,196
0.6967954039573669,0.003182447049766779,0.7011687755584717,0.0031315991654992104,197
0.698194682598114,0.003210123162716627,0.7020741701126099,0.0031529185362160206,198
0.6945565938949585,0.0032649796921759844,0.7005158066749573,0.003193708136677742,199
0.6984745264053345,0.0032249358482658863,0.7006090879440308,0.003154225181788206,200
0.698024570941925,0.0031998457852751017,0.6991274952888489,0.003157819854095578,201
0.695061445236206,0.0032457541674375534,0.7003786563873291,0.0031727938912808895,202
0.6969655752182007,0.003209618851542473,0.7006200551986694,0.0031535003799945116,203
0.6985349059104919,0.0032528697047382593,0.7001755833625793,0.0031737289391458035,204
0.6980959177017212,0.003172434400767088,0.7027601003646851,0.003123208647593856,205
0.7003456950187683,0.003177068429067731,0.7016900777816772,0.003142477013170719,206
0.6943809986114502,0.003199823899194598,0.6986336708068848,0.003147427225485444,207
0.6945950388908386,0.0032474661711603403,0.7001097202301025,0.0031504950020462275,208
0.6953083872795105,0.0032119047828018665,0.700307309627533,0.0031196160707622766,209
0.6964167952537537,0.003211747156456113,0.6998134255409241,0.0031624468974769115,210
0.69426029920578,0.0031964655499905348,0.7001426815986633,0.0031580247450619936,211
0.6961259841918945,0.003184754867106676,0.6969161629676819,0.003167256247252226,212
0.6957089304924011,0.0032298672012984753,0.6985349059104919,0.003191471565514803,213
0.6967625021934509,0.0031878857407718897,0.6982769966125488,0.003165798494592309,214
0.6967295408248901,0.0031702921260148287,0.6989354491233826,0.003166266717016697,215
0.6976624131202698,0.003165661124512553,0.6991494297981262,0.0031588366255164146,216
0.6962796449661255,0.0031859641894698143,0.6980301141738892,0.003140871413052082,217
0.6953522562980652,0.0032407466787844896,0.6966582536697388,0.00319004338234663,218
0.6965539455413818,0.0032265300396829844,0.6971959471702576,0.0031845332123339176,219
0.6937609910964966,0.0032265991903841496,0.6963289976119995,0.0031878510490059853,220
0.69620281457901,0.003208687761798501,0.6962411999702454,0.0031941791530698538,221
