seqid_t,std_seqid_t,seqid_t_t_half,std_seqid_t_t_half,t_half
0.6842296123504639,0.0036437592934817076,0.7959175109863281,0.0022553561720997095,1
0.6822102665901184,0.0036494212690740824,0.7858538031578064,0.0023241094313561916,2
0.6790879964828491,0.003685827599838376,0.7788301110267639,0.002382496139034629,3
0.6802677512168884,0.003700986271724105,0.7759273648262024,0.002393861999735236,4
0.6788246035575867,0.003723630215972662,0.7745171189308167,0.0024002210702747107,5
0.6782210469245911,0.0037118475884199142,0.7717405557632446,0.0024162260815501213,6
0.6749890446662903,0.0037488562520593405,0.7713070511817932,0.0024566911160945892,7
0.6776338815689087,0.003766997018828988,0.7694413661956787,0.0024925880134105682,8
0.6773375868797302,0.003720954991877079,0.7682506442070007,0.0024934790562838316,9
0.6774802803993225,0.0037470427341759205,0.7671751976013184,0.0025301093701273203,10
0.6819249391555786,0.003680400550365448,0.7661654949188232,0.0025426920037716627,11
0.6772936582565308,0.0037130059208720922,0.7639102339744568,0.00253239250741899,12
0.6740726232528687,0.0037155880127102137,0.7637456059455872,0.0025710316840559244,13
0.6804049611091614,0.003670749254524708,0.7625548839569092,0.0025952619034796953,14
0.6762840151786804,0.003754435107111931,0.7626152634620667,0.00262545351870358,15
0.6765419244766235,0.0036932884249836206,0.7624286413192749,0.002626267960295081,16
0.6777216792106628,0.003702846122905612,0.760864794254303,0.0026347434613853693,17
0.6759163737297058,0.0037300833500921726,0.7621104121208191,0.002628001617267728,18
0.6783362627029419,0.003697563661262393,0.7595972418785095,0.0026676300913095474,19
0.6769809126853943,0.0036739215720444918,0.7607824802398682,0.0026683921460062265,20
0.6776338815689087,0.0036242324858903885,0.7590704560279846,0.0026313073467463255,21
0.6773211359977722,0.0036751192528754473,0.7589661478996277,0.0026820413768291473,22
0.6748408675193787,0.003702632151544094,0.7573968768119812,0.0026606430765241385,23
0.672651469707489,0.0037296456284821033,0.7580607533454895,0.0026857545599341393,24
0.6752688884735107,0.0037089732941240072,0.758719265460968,0.002662173006683588,25
0.6773211359977722,0.00369617179967463,0.7564145922660828,0.002710287692025304,26
0.6761413812637329,0.0036869500763714314,0.7569743394851685,0.0026678317226469517,27
0.6747421026229858,0.0037566120736300945,0.7579126358032227,0.0027201634366065264,28
0.6771016120910645,0.0036860930267721415,0.7573419809341431,0.002699523698538542,29
0.6741001009941101,0.0037239911034703255,0.7561347484588623,0.0027389065362513065,30
0.6737927794456482,0.003718945663422346,0.7571992874145508,0.0027569145895540714,31
0.6761578321456909,0.0036901235580444336,0.7558603882789612,0.0027461289428174496,32
0.67644864320755,0.0036774242762476206,0.7554378509521484,0.0027419673278927803,33
0.6741330027580261,0.003747309325262904,0.754971444606781,0.002769570564851165,34
0.6752469539642334,0.003700102446600795,0.7538575530052185,0.0027939907740801573,35
0.6773760318756104,0.0036878841929137707,0.7531442046165466,0.002759560476988554,36
0.6767669320106506,0.003693058155477047,0.7514486312866211,0.002822962123900652,37
0.6763333678245544,0.0036867763847112656,0.7501097321510315,0.00284680281765759,38
0.6783527135848999,0.003667554585263133,0.7517613768577576,0.00283867958933115,39
0.6776942014694214,0.003664245828986168,0.7510480284690857,0.002846782561391592,40
0.6760371327400208,0.003699641674757004,0.7489628791809082,0.0028364385943859816,41
0.6725691556930542,0.003729003481566906,0.7463948726654053,0.0028696656227111816,42
0.6740067601203918,0.0037505256477743387,0.7492098212242126,0.002854233840480447,43
0.6755871176719666,0.0037025543861091137,0.7475636601448059,0.0028478798922151327,44
0.6754005551338196,0.003715286962687969,0.7476514577865601,0.0028781751170754433,45
0.6715595126152039,0.0037423816975206137,0.7470313906669617,0.002877501305192709,46
0.6747859716415405,0.0037356766406446695,0.7484306693077087,0.0028732537757605314,47
0.6757078170776367,0.0037280931137502193,0.7486720681190491,0.0028636797796934843,48
0.6723606586456299,0.0037036272697150707,0.7489739060401917,0.0028580373618751764,49
0.6722947955131531,0.0037092226557433605,0.7473990321159363,0.0028812596574425697,50
0.6743799448013306,0.0037485365755856037,0.7455992102622986,0.0029304041527211666,51
0.6697047352790833,0.0037517400924116373,0.7449462413787842,0.002913224510848522,52
0.6758559942245483,0.0037181663792580366,0.7467570304870605,0.0028989859856665134,53
0.6735952496528625,0.00371874263510108,0.7457473278045654,0.0028642171528190374,54
0.6795269846916199,0.00366814061999321,0.7454620003700256,0.0028972967993468046,55
0.6801196336746216,0.0036977047566324472,0.7466253638267517,0.0029004160314798355,56
0.6776503324508667,0.0037360875867307186,0.7458351850509644,0.002928821835666895,57
0.677979588508606,0.003713584039360285,0.7445017695426941,0.0029270171653479338,58
0.6737489104270935,0.00373839121311903,0.743854284286499,0.0029410149436444044,59
0.6726075410842896,0.003696406027302146,0.742048978805542,0.002948168898001313,60
0.6748683452606201,0.00367651111446321,0.742268443107605,0.0029600171837955713,61
0.6746652722358704,0.003710942342877388,0.7445949912071228,0.002919458784162998,62
0.6744841933250427,0.0037097083404660225,0.7439529895782471,0.002939404919743538,63
0.674248218536377,0.0037175300531089306,0.7438762187957764,0.0029498161748051643,64
0.6762017011642456,0.0037295070942491293,0.7443261742591858,0.0029359874315559864,65
0.6731727123260498,0.003721750108525157,0.7402655482292175,0.0029579324182122946,66
0.6750274896621704,0.003732057986781001,0.7418294548988342,0.002988196909427643,67
0.6766242384910583,0.0037057825829833746,0.7426525354385376,0.0029992088675498962,68
0.6725197434425354,0.0037051879335194826,0.7426306009292603,0.0029793588910251856,69
0.6744458079338074,0.0037307417951524258,0.7411325573921204,0.0029862886294722557,70
0.6757846474647522,0.0037230656016618013,0.7412149310112,0.003008633852005005,71
0.6767888069152832,0.0037467724177986383,0.7404905557632446,0.0030053691007196903,72
0.6764979958534241,0.00370078906416893,0.7409844398498535,0.003000046359375119,73
0.6722893118858337,0.003771125804632902,0.7402490973472595,0.003020311938598752,74
0.675098717212677,0.0037208835128694773,0.738932192325592,0.003001159057021141,75
0.6706540584564209,0.00374780735000968,0.7389541268348694,0.0030037269461899996,76
0.6733483076095581,0.003741225227713585,0.7398924827575684,0.002995934570208192,77
0.6768601536750793,0.003799634985625744,0.7400680780410767,0.003058623755350709,78
0.676020622253418,0.0037405663169920444,0.7390199899673462,0.0030367663130164146,79
0.6734306216239929,0.0037593021988868713,0.7403149604797363,0.0030181948095560074,80
0.6751426458358765,0.003733959048986435,0.7384163737297058,0.003022662131115794,81
0.6755706667900085,0.0036990814842283726,0.7377194762229919,0.003047500504180789,82
0.6705058813095093,0.003759271465241909,0.7367866635322571,0.0030314289033412933,83
0.6737379431724548,0.0037633602041751146,0.736797571182251,0.0030231932178139687,84
0.674813449382782,0.003720741719007492,0.7382901906967163,0.003030120162293315,85
0.6761358976364136,0.0037028202787041664,0.7392065525054932,0.0030177149455994368,86
0.6732330918312073,0.0037050924729555845,0.7366933226585388,0.003044819924980402,87
0.6747695207595825,0.0037542337086051702,0.7389267086982727,0.003024404402822256,88
0.675049364566803,0.003727317787706852,0.737532913684845,0.003055074717849493,89
0.6733812689781189,0.0037075344007462263,0.7357714772224426,0.0030638831667602062,90
0.672717273235321,0.003720032051205635,0.7360404133796692,0.003076730063185096,91
0.6751700639724731,0.003707188880071044,0.7352557182312012,0.0031193711329251528,92
0.6731507778167725,0.0037466140929609537,0.7357385754585266,0.0030910028144717216,93
0.6755487322807312,0.0037041513714939356,0.734229564666748,0.003097092965617776,94
0.6715265512466431,0.003716885345056653,0.7351953983306885,0.003097241511568427,95
0.676975429058075,0.0037825454492121935,0.7384876608848572,0.003098223125562072,96
0.6763937473297119,0.003718535415828228,0.736309289932251,0.0030772353056818247,97
0.6782210469245911,0.003692614147439599,0.7371049523353577,0.0030575308483093977,98
0.6777490973472595,0.0037514842115342617,0.7356836795806885,0.0030944107566028833,99
0.6781826019287109,0.003716425970196724,0.7356672286987305,0.003089592093601823,100
0.6751591563224792,0.0037330379709601402,0.7340484857559204,0.0030866560991853476,101
0.6721301674842834,0.003696069587022066,0.7331047058105469,0.0030874048825353384,102
0.6793239712715149,0.0036855717189610004,0.7343447804450989,0.003091762075200677,103
0.6729806661605835,0.003758193226531148,0.7332528233528137,0.00310549046844244,104
0.6736062169075012,0.0037054328713566065,0.7340595126152039,0.0030917811673134565,105
0.6715868711471558,0.003734433325007558,0.7324516773223877,0.0031360264401882887,106
0.6702535152435303,0.0037346335593611,0.7325120568275452,0.0031103692017495632,107
0.6755651831626892,0.0037103567738085985,0.7302348613739014,0.0031221455428749323,108
0.6757791638374329,0.0036735525354743004,0.730278730392456,0.003154562786221504,109
0.6728819012641907,0.0037539557088166475,0.7327480316162109,0.003144634421914816,110
0.6736391186714172,0.0037513147108256817,0.7299769520759583,0.003210170194506645,111
0.6777490973472595,0.0037775207310914993,0.7319633364677429,0.0031854917760938406,112
0.6751426458358765,0.003765992121770978,0.7322486639022827,0.003158068750053644,113
0.6713674068450928,0.003714648773893714,0.7308329343795776,0.0031738474499434233,114
0.6749890446662903,0.0037091963458806276,0.7306190133094788,0.003170959884300828,115
0.6723496317863464,0.0037664424162358046,0.7313377857208252,0.003180290339514613,116
0.676635205745697,0.003766980953514576,0.7299659848213196,0.0031735722441226244,117
0.6708186864852905,0.0037477496080100536,0.7290167212486267,0.0031776512041687965,118
0.6688323020935059,0.003701833076775074,0.7289892435073853,0.003159100655466318,119
0.6689804792404175,0.003719435539096594,0.7283416986465454,0.0031707005109637976,120
0.6723441481590271,0.0037177728954702616,0.7281113266944885,0.0031736844684928656,121
0.667948842048645,0.0038116814102977514,0.7277985215187073,0.0031785264145582914,122
0.6673123240470886,0.003750828094780445,0.7273266315460205,0.0031973873265087605,123
0.675663948059082,0.0037481028120964766,0.7282869219779968,0.0031744884327054024,124
0.6726405024528503,0.003736932761967182,0.7293348908424377,0.003162975888699293,125
0.6739683747291565,0.003727668197825551,0.7291099429130554,0.003199116326868534,126
0.6707473993301392,0.003723744535818696,0.7298343181610107,0.0031610254663974047,127
0.6747311353683472,0.003708713920786977,0.7294391989707947,0.003196962410584092,128
0.6726788878440857,0.003753917757421732,0.7281222343444824,0.0031782786827534437,129
0.6731782555580139,0.003734107594937086,0.7279521822929382,0.003213712014257908,130
0.6697980761528015,0.0037520581390708685,0.7270522713661194,0.003197727259248495,131
0.6718009114265442,0.0037581876385957003,0.7269424796104431,0.003183067077770829,132
0.6770192980766296,0.0037200122606009245,0.7276613712310791,0.0031845043413341045,133
0.6729422211647034,0.0037266272120177746,0.7252853512763977,0.0032333736307919025,134
0.6687390208244324,0.0037133716978132725,0.7253676056861877,0.0031856463756412268,135
0.6741824150085449,0.003731715027242899,0.7263334393501282,0.003219802863895893,136
0.6757846474647522,0.003737696912139654,0.7244293093681335,0.003229563357308507,137
0.6678555607795715,0.0037841391749680042,0.7257298231124878,0.0032291433308273554,138
0.6732111573219299,0.0037599392235279083,0.7254499793052673,0.0032393301371484995,139
0.6741714477539062,0.0037624817341566086,0.7267614006996155,0.0032467730343341827,140
0.6710053086280823,0.0037789144553244114,0.7266187071800232,0.0032311861868947744,141
0.6718722581863403,0.003736930899322033,0.7268272638320923,0.003207362024113536,142
0.6731069087982178,0.0037568730767816305,0.7266571521759033,0.0031994350720196962,143
0.6712302565574646,0.0037525335792452097,0.7260755300521851,0.0032222187146544456,144
0.6736062169075012,0.0037252067122608423,0.7258614897727966,0.0032541747204959393,145
0.6711369752883911,0.0037366466131061316,0.7258231043815613,0.0032098875381052494,146
0.6717734932899475,0.0037196995690464973,0.7249670624732971,0.003212774870917201,147
0.6709833145141602,0.0037492720875889063,0.7254664301872253,0.003249762114137411,148
0.6729642152786255,0.0037375043611973524,0.7266187071800232,0.0032315219286829233,149
0.6721959710121155,0.0037391299847513437,0.726668119430542,0.003218261757865548,150
0.6695237159729004,0.00373853393830359,0.7245555520057678,0.0032187544275075197,151
0.675631046295166,0.0037151577416807413,0.7258011102676392,0.003215395612642169,152
0.6747475862503052,0.003745927242562175,0.7255871295928955,0.0032246261835098267,153
0.6737433671951294,0.0037559682969003916,0.7251591086387634,0.0032301119063049555,154
0.676635205745697,0.0037363748997449875,0.7243909239768982,0.00327494740486145,155
0.6759822368621826,0.0037127502728253603,0.7269918918609619,0.003226444125175476,156
0.6768108010292053,0.00371091952547431,0.7267724275588989,0.003242424689233303,157
0.6793842911720276,0.0036519409622997046,0.7261633276939392,0.0032569521572440863,158
0.6734141707420349,0.003750195959582925,0.724676251411438,0.003262836718931794,159
0.6732825040817261,0.003733764635398984,0.7242208123207092,0.0032351368572562933,160
0.6743360161781311,0.003707925556227565,0.7254115343093872,0.003259877674281597,161
0.675801157951355,0.003677346045151353,0.724456787109375,0.0032397580798715353,162
0.674780547618866,0.003676145803183317,0.7244457602500916,0.0032572555355727673,163
0.673672080039978,0.003744959831237793,0.7227776646614075,0.0032867002300918102,164
0.6735403537750244,0.00370129756629467,0.7221630811691284,0.0032765804789960384,165
0.6717625260353088,0.0037384233437478542,0.7215979099273682,0.003285266924649477,166
0.6687445044517517,0.003748496063053608,0.7220258712768555,0.0032704889308661222,167
0.6687554717063904,0.003754288423806429,0.7193536162376404,0.003298102878034115,168
0.6729532480239868,0.003733925288543105,0.7216198444366455,0.00325888954102993,169
0.6718558073043823,0.0037500830367207527,0.7198364734649658,0.0033038086257874966,170
0.6706101298332214,0.0037396203260868788,0.719787061214447,0.0032900816295295954,171
0.6743524670600891,0.0037493910640478134,0.7230246067047119,0.0032907938584685326,172
0.6727283000946045,0.0037252013571560383,0.7214277982711792,0.003306625410914421,173
0.6724264621734619,0.003720969893038273,0.7193536162376404,0.0032758438028395176,174
0.672256350517273,0.0037419088184833527,0.7224758863449097,0.0032955361530184746,175
0.673276960849762,0.0036985513288527727,0.7189804315567017,0.0033280642237514257,176
0.6726569533348083,0.0037240562960505486,0.7185250520706177,0.0033218814060091972,177
0.6742866635322571,0.0037283410783857107,0.7181244492530823,0.0032932113390415907,178
0.6728928685188293,0.0037848788779228926,0.7189750075340271,0.0033328640274703503,179
0.6725252270698547,0.0036976151168346405,0.7170489430427551,0.003306268248707056,180
0.6728379726409912,0.0036999078001827,0.719123125076294,0.003310372121632099,181
0.6735952496528625,0.003723704721778631,0.7194743156433105,0.003287533763796091,182
0.6725142598152161,0.003721933811903,0.7200614213943481,0.0033109465148299932,183
0.6769699454307556,0.003669727360829711,0.7194578647613525,0.0032952583860605955,184
0.6775076985359192,0.0036882737185806036,0.7198035717010498,0.0032933468464761972,185
0.678764283657074,0.0036979455035179853,0.7191780209541321,0.003305656835436821,186
0.6799989342689514,0.003687781048938632,0.7160831689834595,0.0033333043102174997,187
0.6761852502822876,0.0037431102246046066,0.7156112790107727,0.003352745436131954,188
0.6738696098327637,0.003725063055753708,0.7172684669494629,0.003365609096363187,189
0.6788246035575867,0.00369637506082654,0.717608630657196,0.0033372151665389538,190
0.6806738376617432,0.00372327771037817,0.7171202301979065,0.0033576064743101597,191
0.6751865148544312,0.0037284381687641144,0.7169941067695618,0.003373336046934128,192
0.6773156523704529,0.003695820225402713,0.7174276113510132,0.0033563035540282726,193
0.6820731163024902,0.003690019017085433,0.7178335785865784,0.0033294069580733776,194
0.6806738376617432,0.003664320334792137,0.7167855501174927,0.0033724894747138023,195
0.6782484650611877,0.0037031325045973063,0.7190957069396973,0.0033274469897150993,196
0.6767449378967285,0.0037155766040086746,0.7179378867149353,0.0033365697599947453,197
0.6776777505874634,0.003760881256312132,0.7170434594154358,0.0033804194536060095,198
0.6785008907318115,0.00370945711620152,0.7157594561576843,0.003341954667121172,199
0.6771290898323059,0.0037428063806146383,0.7177293300628662,0.003331434680148959,200
0.6782429814338684,0.003699071006849408,0.7162203788757324,0.003328565275296569,201
0.6750878095626831,0.0037548928521573544,0.716620922088623,0.003324114251881838,202
0.6790770292282104,0.0037012810353189707,0.7176525592803955,0.0033089376520365477,203
0.6814694404602051,0.0036942013539373875,0.7163465619087219,0.00333274994045496,204
0.6774418354034424,0.003699572989717126,0.717932403087616,0.0033029955811798573,205
0.6825779676437378,0.0036680293269455433,0.7178335785865784,0.0033535289112478495,206
0.6741275191307068,0.0037467684596776962,0.7156441807746887,0.0033227060921490192,207
0.6769040822982788,0.0037287790328264236,0.7148211002349854,0.003369042882695794,208
0.6794830560684204,0.0037141910288482904,0.7169885635375977,0.0033483358565717936,209
0.6765584349632263,0.003720926819369197,0.7166154384613037,0.003338531358167529,210
0.6752688884735107,0.0037389895878732204,0.7154302000999451,0.0033698391634970903,211
0.6769809126853943,0.003717468585819006,0.7152600884437561,0.0033837389200925827,212
0.6782484650611877,0.0037088217213749886,0.7162532806396484,0.003354760119691491,213
0.6780180335044861,0.0037079143803566694,0.7136358618736267,0.003357779001817107,214
0.6764101982116699,0.0037074831780046225,0.7140418887138367,0.0033952270168811083,215
0.6764925122261047,0.003684587776660919,0.7133669853210449,0.0033327650744467974,216
0.677809476852417,0.0036962057929486036,0.7146400213241577,0.003336644731462002,217
0.6795379519462585,0.003708938369527459,0.7155014872550964,0.0033472413197159767,218
0.6785612106323242,0.0037159835919737816,0.7147168517112732,0.0033795349299907684,219
0.6797574758529663,0.003701976267620921,0.714799165725708,0.0033877440728247166,220
0.6795269846916199,0.0037240379024297,0.7141296863555908,0.0034068776294589043,221
0.6799166202545166,0.0037195386830717325,0.7144150733947754,0.003384528448805213,222
0.6774582862854004,0.0037304102443158627,0.71401447057724,0.003427505725994706,223
0.6824242472648621,0.0036796911153942347,0.714217483997345,0.003393770894035697,224
0.6824462413787842,0.003707240568473935,0.7135151624679565,0.0033643823117017746,225
0.6727283000946045,0.0037341415882110596,0.7122640013694763,0.003393337829038501,226
0.677419900894165,0.0036858576349914074,0.7117537260055542,0.0033740210346877575,227
0.6767833828926086,0.0037475747521966696,0.7128347158432007,0.0033870383631438017,228
0.675817608833313,0.0037354985252022743,0.7123299241065979,0.0034133160952478647,229
0.6756749153137207,0.0036721481010317802,0.7111555933952332,0.0033712901640683413,230
0.6787588000297546,0.003662111470475793,0.7114903330802917,0.003387399949133396,231
0.6745006442070007,0.003733381861820817,0.7117153406143188,0.003408079268410802,232
0.6753786206245422,0.0037339036352932453,0.7103379964828491,0.0034294521901756525,233
0.6704729795455933,0.0037625590339303017,0.7125493884086609,0.0034319967962801456,234
0.6771290898323059,0.003683490911498666,0.710985541343689,0.0034447491634637117,235
0.6740507483482361,0.0037468031514436007,0.7097837924957275,0.0034323190338909626,236
0.6757407784461975,0.003745949361473322,0.7096850275993347,0.0034284547436982393,237
0.676701009273529,0.003745835041627288,0.7079291343688965,0.0034322466235607862,238
0.6748244166374207,0.0037662640679627657,0.7096795439720154,0.0034396036062389612,239
0.6751481890678406,0.003732637967914343,0.709262490272522,0.0034221294336020947,240
0.6790879964828491,0.003721943125128746,0.7112928032875061,0.003392418846487999,241
0.678950846195221,0.003708613570779562,0.7108867764472961,0.0033889685291796923,242
0.6792361736297607,0.003724337089806795,0.7107495665550232,0.003407786600291729,243
0.6761193871498108,0.003729345975443721,0.7092350721359253,0.003441465785726905,244
0.6746707558631897,0.0037424666807055473,0.7102612257003784,0.0034386294428259134,245
0.6756859421730042,0.0037435260601341724,0.7077260613441467,0.0034345381427556276,246
0.6783966422080994,0.0037334649823606014,0.7107220888137817,0.003423444926738739,247
0.6762620806694031,0.00371764088049531,0.7106398344039917,0.0034038627054542303,248
0.6784130930900574,0.0037050885148346424,0.7082967162132263,0.0034278538078069687,249
0.678950846195221,0.003708117874339223,0.7088454961776733,0.0034356266260147095,250
